<?xml version="1.0" encoding="UTF-8"?>
<!-- Generated by org.testng.reporters.JUnitReportReporter -->
<testsuite hostname="DESKTOP-RM9UEU4" failures="0" tests="1" name="JobApplication" time="18.856" errors="0" timestamp="15 Jul 2023 08:43:10 GMT" skipped="0">
  <testcase classname="JobApplication" name="invalidNameWithSpecialChar" time="18.856"/>
</testsuite> <!-- JobApplication -->
